#
# There is insufficient memory for the Java Runtime Environment to continue.
# Native memory allocation (mmap) failed to map 110100480 bytes for committing reserved memory.
# Possible reasons:
#   The system is out of physical RAM or swap space
#   In 32 bit mode, the process size limit was hit
# Possible solutions:
#   Reduce memory load on the system
#   Increase physical memory or swap space
#   Check if swap backing store is full
#   Use 64 bit Java on a 64 bit OS
#   Decrease Java heap size (-Xmx/-Xms)
#   Decrease number of Java threads
#   Decrease Java thread stack sizes (-Xss)
#   Set larger code cache with -XX:ReservedCodeCacheSize=
# This output file may be truncated or incomplete.
#
#  Out of Memory Error (os_linux.cpp:2640), pid=39762, tid=0x00007fa935cfc700
#
# JRE version: Java(TM) SE Runtime Environment (8.0_144-b01) (build 1.8.0_144-b01)
# Java VM: Java HotSpot(TM) 64-Bit Server VM (25.144-b01 mixed mode linux-amd64 compressed oops)
# Failed to write core dump. Core dumps have been disabled. To enable core dumping, try "ulimit -c unlimited" before starting Java again
#

---------------  T H R E A D  ---------------

Current thread (0x00007fa94c13f000):  VMThread [stack: 0x00007fa935bfc000,0x00007fa935cfd000] [id=39771]

Stack: [0x00007fa935bfc000,0x00007fa935cfd000],  sp=0x00007fa935cfafe0,  free space=1019k
Native frames: (J=compiled Java code, j=interpreted, Vv=VM code, C=native code)
V  [libjvm.so+0xacb18a]  VMError::report_and_die()+0x2ba
V  [libjvm.so+0x4ff4db]  report_vm_out_of_memory(char const*, int, unsigned long, VMErrorType, char const*)+0x8b
V  [libjvm.so+0x927d23]  os::Linux::commit_memory_impl(char*, unsigned long, bool)+0x103
V  [libjvm.so+0x928279]  os::pd_commit_memory(char*, unsigned long, unsigned long, bool)+0x29
V  [libjvm.so+0x92249a]  os::commit_memory(char*, unsigned long, unsigned long, bool)+0x2a
V  [libjvm.so+0x996ff3]  PSVirtualSpace::expand_by(unsigned long)+0x53
V  [libjvm.so+0x9983f8]  PSYoungGen::resize_generation(unsigned long, unsigned long)+0xf8
V  [libjvm.so+0x997552]  PSYoungGen::resize(unsigned long, unsigned long)+0x22
V  [libjvm.so+0x99482b]  PSScavenge::invoke_no_policy()+0xf3b
V  [libjvm.so+0x994fb1]  PSScavenge::invoke()+0x41
V  [libjvm.so+0x94bce0]  ParallelScavengeHeap::failed_mem_allocate(unsigned long)+0x70
V  [libjvm.so+0xaccba7]  VM_ParallelGCFailedAllocation::doit()+0x97
V  [libjvm.so+0xad4685]  VM_Operation::evaluate()+0x55
V  [libjvm.so+0xad2a5a]  VMThread::evaluate_operation(VM_Operation*)+0xba
V  [libjvm.so+0xad2dde]  VMThread::loop()+0x1ce
V  [libjvm.so+0xad3250]  VMThread::run()+0x70
V  [libjvm.so+0x92a338]  java_start(Thread*)+0x108

VM_Operation (0x00007fa9059570d0): ParallelGCFailedAllocation, mode: safepoint, requested by thread 0x00007fa8d8002000


---------------  P R O C E S S  ---------------

Java Threads: ( => current thread )
  0x00007fa8f0013800 JavaThread "ForkJoinPool-1-worker-5" daemon [_thread_blocked, id=39873, stack(0x00007fa905c97000,0x00007fa905d98000)]
  0x00007fa8d8002000 JavaThread "pool-2-thread-6" [_thread_blocked, id=39826, stack(0x00007fa90585c000,0x00007fa90595d000)]
  0x00007fa94c987000 JavaThread "sbt-server-command-loop" [_thread_blocked, id=39787, stack(0x00007fa9078f4000,0x00007fa9079f5000)]
  0x00007fa94c95a800 JavaThread "Timer-0" daemon [_thread_blocked, id=39784, stack(0x00007fa934038000,0x00007fa934139000)]
  0x00007fa94c187800 JavaThread "Service Thread" daemon [_thread_blocked, id=39778, stack(0x00007fa934e13000,0x00007fa934f14000)]
  0x00007fa94c184800 JavaThread "C1 CompilerThread2" daemon [_thread_blocked, id=39777, stack(0x00007fa934f14000,0x00007fa935015000)]
  0x00007fa94c182800 JavaThread "C2 CompilerThread1" daemon [_thread_blocked, id=39776, stack(0x00007fa935015000,0x00007fa935116000)]
  0x00007fa94c180000 JavaThread "C2 CompilerThread0" daemon [_thread_blocked, id=39775, stack(0x00007fa935116000,0x00007fa935217000)]
  0x00007fa94c17e800 JavaThread "Signal Dispatcher" daemon [_thread_blocked, id=39774, stack(0x00007fa935217000,0x00007fa935318000)]
  0x00007fa94c14b000 JavaThread "Finalizer" daemon [_thread_blocked, id=39773, stack(0x00007fa9359fa000,0x00007fa935afb000)]
  0x00007fa94c146800 JavaThread "Reference Handler" daemon [_thread_blocked, id=39772, stack(0x00007fa935afb000,0x00007fa935bfc000)]
  0x00007fa94c009800 JavaThread "main" [_thread_blocked, id=39766, stack(0x00007fa954385000,0x00007fa954486000)]

Other Threads:
=>0x00007fa94c13f000 VMThread [stack: 0x00007fa935bfc000,0x00007fa935cfd000] [id=39771]
  0x00007fa94c18a800 WatcherThread [stack: 0x00007fa934d12000,0x00007fa934e13000] [id=39779]

VM state:at safepoint (normal execution)

VM Mutex/Monitor currently owned by a thread:  ([mutex/lock_event])
[0x00007fa94c005fe0] Threads_lock - owner thread: 0x00007fa94c13f000
[0x00007fa94c0064e0] Heap_lock - owner thread: 0x00007fa8d8002000

Heap:
 PSYoungGen      total 165888K, used 6768K [0x00000000eab00000, 0x00000000f8700000, 0x0000000100000000)
  eden space 119296K, 0% used [0x00000000eab00000,0x00000000eab00000,0x00000000f1f80000)
  from space 46592K, 14% used [0x00000000f5980000,0x00000000f601c030,0x00000000f8700000)
  to   space 15872K, 0% used [0x00000000f3880000,0x00000000f3880000,0x00000000f4800000)
 ParOldGen       total 175104K, used 88280K [0x00000000c0000000, 0x00000000cab00000, 0x00000000eab00000)
  object space 175104K, 50% used [0x00000000c0000000,0x00000000c56362c0,0x00000000cab00000)
 Metaspace       used 56020K, capacity 56444K, committed 56704K, reserved 1095680K
  class space    used 9904K, capacity 10023K, committed 10112K, reserved 1048576K

Card table byte_map: [0x00007fa950f2c000,0x00007fa95112d000] byte_map_base: 0x00007fa95092c000

Marking Bits: (ParMarkBitMap*) 0x00007fa953856dc0
 Begin Bits: [0x00007fa936000000, 0x00007fa937000000)
 End Bits:   [0x00007fa937000000, 0x00007fa938000000)

Polling page: 0x00007fa9544a1000

CodeCache: size=245760Kb used=26303Kb max_used=27002Kb free=219456Kb
 bounds [0x00007fa93d000000, 0x00007fa93eac0000, 0x00007fa94c000000]
 total_blobs=8394 nmethods=7931 adapters=372
 compilation: enabled

Compilation events (10 events):
Event: 710.729 Thread 0x00007fa94c182800 nmethod 9724 0x00007fa93e4b4810 code [0x00007fa93e4b4960, 0x00007fa93e4b4a78]
Event: 710.729 Thread 0x00007fa94c182800 9734       4       org.apache.ivy.core.resolve.IvyNode::addCaller (70 bytes)
Event: 710.794 Thread 0x00007fa94c184800 9739       3       java.util.HashSet::clear (8 bytes)
Event: 710.794 Thread 0x00007fa94c184800 nmethod 9739 0x00007fa93d19e0d0 code [0x00007fa93d19e240, 0x00007fa93d19e468]
Event: 710.794 Thread 0x00007fa94c184800 9740       3       org.apache.ivy.core.resolve.IvyNode::clean (10 bytes)
Event: 710.794 Thread 0x00007fa94c184800 nmethod 9740 0x00007fa93d19dc90 code [0x00007fa93d19de00, 0x00007fa93d19e028]
Event: 710.816 Thread 0x00007fa94c184800 9743       3       org.apache.ivy.plugins.version.SubVersionMatcher::isDynamic (10 bytes)
Event: 710.817 Thread 0x00007fa94c184800 nmethod 9743 0x00007fa93d48ced0 code [0x00007fa93d48d060, 0x00007fa93d48d3a8]
Event: 710.817 Thread 0x00007fa94c184800 9744       3       org.apache.ivy.plugins.version.LatestVersionMatcher::isDynamic (10 bytes)
Event: 710.817 Thread 0x00007fa94c184800 nmethod 9744 0x00007fa93d631410 code [0x00007fa93d631580, 0x00007fa93d6318a8]

GC Heap History (10 events):
Event: 121.361 GC heap after
Heap after GC invocations=3 (full 0):
 PSYoungGen      total 141824K, used 10727K [0x00000000eab00000, 0x00000000fc000000, 0x0000000100000000)
  eden space 131072K, 0% used [0x00000000eab00000,0x00000000eab00000,0x00000000f2b00000)
  from space 10752K, 99% used [0x00000000f2b00000,0x00000000f3579ea8,0x00000000f3580000)
  to   space 10752K, 0% used [0x00000000fb580000,0x00000000fb580000,0x00000000fc000000)
 ParOldGen       total 175104K, used 53687K [0x00000000c0000000, 0x00000000cab00000, 0x00000000eab00000)
  object space 175104K, 30% used [0x00000000c0000000,0x00000000c346dfb0,0x00000000cab00000)
 Metaspace       used 39142K, capacity 39530K, committed 39680K, reserved 1081344K
  class space    used 6755K, capacity 6886K, committed 6912K, reserved 1048576K
}
Event: 148.828 GC heap before
{Heap before GC invocations=4 (full 0):
 PSYoungGen      total 141824K, used 141799K [0x00000000eab00000, 0x00000000fc000000, 0x0000000100000000)
  eden space 131072K, 100% used [0x00000000eab00000,0x00000000f2b00000,0x00000000f2b00000)
  from space 10752K, 99% used [0x00000000f2b00000,0x00000000f3579ea8,0x00000000f3580000)
  to   space 10752K, 0% used [0x00000000fb580000,0x00000000fb580000,0x00000000fc000000)
 ParOldGen       total 175104K, used 53687K [0x00000000c0000000, 0x00000000cab00000, 0x00000000eab00000)
  object space 175104K, 30% used [0x00000000c0000000,0x00000000c346dfb0,0x00000000cab00000)
 Metaspace       used 47679K, capacity 48112K, committed 48256K, reserved 1089536K
  class space    used 8625K, capacity 8741K, committed 8832K, reserved 1048576K
Event: 148.962 GC heap after
Heap after GC invocations=4 (full 0):
 PSYoungGen      total 141824K, used 10750K [0x00000000eab00000, 0x00000000fc000000, 0x0000000100000000)
  eden space 131072K, 0% used [0x00000000eab00000,0x00000000eab00000,0x00000000f2b00000)
  from space 10752K, 99% used [0x00000000fb580000,0x00000000fbfffa50,0x00000000fc000000)
  to   space 10752K, 0% used [0x00000000f2b00000,0x00000000f2b00000,0x00000000f3580000)
 ParOldGen       total 175104K, used 65681K [0x00000000c0000000, 0x00000000cab00000, 0x00000000eab00000)
  object space 175104K, 37% used [0x00000000c0000000,0x00000000c4024558,0x00000000cab00000)
 Metaspace       used 47679K, capacity 48112K, committed 48256K, reserved 1089536K
  class space    used 8625K, capacity 8741K, committed 8832K, reserved 1048576K
}
Event: 174.694 GC heap before
{Heap before GC invocations=5 (full 0):
 PSYoungGen      total 141824K, used 141822K [0x00000000eab00000, 0x00000000fc000000, 0x0000000100000000)
  eden space 131072K, 100% used [0x00000000eab00000,0x00000000f2b00000,0x00000000f2b00000)
  from space 10752K, 99% used [0x00000000fb580000,0x00000000fbfffa50,0x00000000fc000000)
  to   space 10752K, 0% used [0x00000000f2b00000,0x00000000f2b00000,0x00000000f3580000)
 ParOldGen       total 175104K, used 65681K [0x00000000c0000000, 0x00000000cab00000, 0x00000000eab00000)
  object space 175104K, 37% used [0x00000000c0000000,0x00000000c4024558,0x00000000cab00000)
 Metaspace       used 55220K, capacity 55644K, committed 55936K, reserved 1095680K
  class space    used 9859K, capacity 9991K, committed 10112K, reserved 1048576K
Event: 174.874 GC heap after
Heap after GC invocations=5 (full 0):
 PSYoungGen      total 137728K, used 10723K [0x00000000eab00000, 0x00000000fb600000, 0x0000000100000000)
  eden space 126976K, 0% used [0x00000000eab00000,0x00000000eab00000,0x00000000f2700000)
  from space 10752K, 99% used [0x00000000f2b00000,0x00000000f3578f40,0x00000000f3580000)
  to   space 48640K, 0% used [0x00000000f8680000,0x00000000f8680000,0x00000000fb600000)
 ParOldGen       total 175104K, used 78335K [0x00000000c0000000, 0x00000000cab00000, 0x00000000eab00000)
  object space 175104K, 44% used [0x00000000c0000000,0x00000000c4c7fd00,0x00000000cab00000)
 Metaspace       used 55220K, capacity 55644K, committed 55936K, reserved 1095680K
  class space    used 9859K, capacity 9991K, committed 10112K, reserved 1048576K
}
Event: 217.590 GC heap before
{Heap before GC invocations=6 (full 0):
 PSYoungGen      total 137728K, used 137699K [0x00000000eab00000, 0x00000000fb600000, 0x0000000100000000)
  eden space 126976K, 100% used [0x00000000eab00000,0x00000000f2700000,0x00000000f2700000)
  from space 10752K, 99% used [0x00000000f2b00000,0x00000000f3578f40,0x00000000f3580000)
  to   space 48640K, 0% used [0x00000000f8680000,0x00000000f8680000,0x00000000fb600000)
 ParOldGen       total 175104K, used 78335K [0x00000000c0000000, 0x00000000cab00000, 0x00000000eab00000)
  object space 175104K, 44% used [0x00000000c0000000,0x00000000c4c7fd00,0x00000000cab00000)
 Metaspace       used 55613K, capacity 56028K, committed 56448K, reserved 1095680K
  class space    used 9861K, capacity 9991K, committed 10112K, reserved 1048576K
Event: 218.182 GC heap after
Heap after GC invocations=6 (full 0):
 PSYoungGen      total 138240K, used 14897K [0x00000000eab00000, 0x00000000f9580000, 0x0000000100000000)
  eden space 122880K, 0% used [0x00000000eab00000,0x00000000eab00000,0x00000000f2300000)
  from space 15360K, 96% used [0x00000000f8680000,0x00000000f950c508,0x00000000f9580000)
  to   space 47616K, 0% used [0x00000000f3880000,0x00000000f3880000,0x00000000f6700000)
 ParOldGen       total 175104K, used 78343K [0x00000000c0000000, 0x00000000cab00000, 0x00000000eab00000)
  object space 175104K, 44% used [0x00000000c0000000,0x00000000c4c81d00,0x00000000cab00000)
 Metaspace       used 55613K, capacity 56028K, committed 56448K, reserved 1095680K
  class space    used 9861K, capacity 9991K, committed 10112K, reserved 1048576K
}
Event: 699.595 GC heap before
{Heap before GC invocations=7 (full 0):
 PSYoungGen      total 138240K, used 137777K [0x00000000eab00000, 0x00000000f9580000, 0x0000000100000000)
  eden space 122880K, 100% used [0x00000000eab00000,0x00000000f2300000,0x00000000f2300000)
  from space 15360K, 96% used [0x00000000f8680000,0x00000000f950c508,0x00000000f9580000)
  to   space 47616K, 0% used [0x00000000f3880000,0x00000000f3880000,0x00000000f6700000)
 ParOldGen       total 175104K, used 78343K [0x00000000c0000000, 0x00000000cab00000, 0x00000000eab00000)
  object space 175104K, 44% used [0x00000000c0000000,0x00000000c4c81d00,0x00000000cab00000)
 Metaspace       used 56009K, capacity 56444K, committed 56704K, reserved 1095680K
  class space    used 9904K, capacity 10023K, committed 10112K, reserved 1048576K
Event: 705.698 GC heap after
Heap after GC invocations=7 (full 0):
 PSYoungGen      total 135168K, used 15775K [0x00000000eab00000, 0x00000000f8700000, 0x0000000100000000)
  eden space 119296K, 0% used [0x00000000eab00000,0x00000000eab00000,0x00000000f1f80000)
  from space 15872K, 99% used [0x00000000f3880000,0x00000000f47e7f08,0x00000000f4800000)
  to   space 46592K, 0% used [0x00000000f5980000,0x00000000f5980000,0x00000000f8700000)
 ParOldGen       total 175104K, used 80725K [0x00000000c0000000, 0x00000000cab00000, 0x00000000eab00000)
  object space 175104K, 46% used [0x00000000c0000000,0x00000000c4ed5400,0x00000000cab00000)
 Metaspace       used 56009K, capacity 56444K, committed 56704K, reserved 1095680K
  class space    used 9904K, capacity 10023K, committed 10112K, reserved 1048576K
}
Event: 710.837 GC heap before
{Heap before GC invocations=8 (full 0):
 PSYoungGen      total 135168K, used 135071K [0x00000000eab00000, 0x00000000f8700000, 0x0000000100000000)
  eden space 119296K, 100% used [0x00000000eab00000,0x00000000f1f80000,0x00000000f1f80000)
  from space 15872K, 99% used [0x00000000f3880000,0x00000000f47e7f08,0x00000000f4800000)
  to   space 46592K, 0% used [0x00000000f5980000,0x00000000f5980000,0x00000000f8700000)
 ParOldGen       total 175104K, used 80725K [0x00000000c0000000, 0x00000000cab00000, 0x00000000eab00000)
  object space 175104K, 46% used [0x00000000c0000000,0x00000000c4ed5400,0x00000000cab00000)
 Metaspace       used 56020K, capacity 56444K, committed 56704K, reserved 1095680K
  class space    used 9904K, capacity 10023K, committed 10112K, reserved 1048576K

Deoptimization events (10 events):
Event: 514.857 Thread 0x00007fa8d8002000 Uncommon trap: reason=bimorphic action=maybe_recompile pc=0x00007fa93df81f98 method=java.util.AbstractSet.removeAll(Ljava/util/Collection;)Z @ 39
Event: 535.158 Thread 0x00007fa8d8002000 Uncommon trap: reason=bimorphic action=maybe_recompile pc=0x00007fa93df81f98 method=java.util.AbstractSet.removeAll(Ljava/util/Collection;)Z @ 39
Event: 652.551 Thread 0x00007fa8d8002000 Uncommon trap: reason=unstable_if action=reinterpret pc=0x00007fa93e8f673c method=java.util.AbstractMap.equals(Ljava/lang/Object;)Z @ 31
Event: 699.227 Thread 0x00007fa8d8002000 Uncommon trap: reason=bimorphic action=maybe_recompile pc=0x00007fa93d2d3b84 method=java.util.AbstractCollection.toArray()[Ljava/lang/Object; @ 1
Event: 699.230 Thread 0x00007fa8d8002000 Uncommon trap: reason=bimorphic action=maybe_recompile pc=0x00007fa93d2d3b84 method=java.util.AbstractCollection.toArray()[Ljava/lang/Object; @ 1
Event: 699.230 Thread 0x00007fa8d8002000 Uncommon trap: reason=bimorphic action=maybe_recompile pc=0x00007fa93d2d3b84 method=java.util.AbstractCollection.toArray()[Ljava/lang/Object; @ 1
Event: 699.230 Thread 0x00007fa8d8002000 Uncommon trap: reason=bimorphic action=maybe_recompile pc=0x00007fa93d2d3b84 method=java.util.AbstractCollection.toArray()[Ljava/lang/Object; @ 1
Event: 699.496 Thread 0x00007fa8d8002000 Uncommon trap: reason=unstable_if action=reinterpret pc=0x00007fa93e5031f0 method=org.apache.ivy.core.resolve.IvyNodeCallers$Caller.canExclude()Z @ 4
Event: 710.556 Thread 0x00007fa8d8002000 Uncommon trap: reason=bimorphic action=maybe_recompile pc=0x00007fa93df81f98 method=java.util.AbstractSet.removeAll(Ljava/util/Collection;)Z @ 39
Event: 710.614 Thread 0x00007fa8d8002000 Uncommon trap: reason=bimorphic action=maybe_recompile pc=0x00007fa93df81f98 method=java.util.AbstractSet.removeAll(Ljava/util/Collection;)Z @ 39

Internal exceptions (10 events):
Event: 52.140 Thread 0x00007fa94c987000 Exception <a 'java/io/FileNotFoundException'> (0x00000000ebdb99d0) thrown at [/HUDSON3/workspace/8-2-build-linux-amd64/jdk8u144/9417/hotspot/src/share/vm/prims/jni.cpp, line 709]
Event: 56.411 Thread 0x00007fa94c987000 Exception <a 'java/lang/ClassNotFoundException': com/sun/tools/javac/api/JavacTool> (0x00000000ed0d6010) thrown at [/HUDSON3/workspace/8-2-build-linux-amd64/jdk8u144/9417/hotspot/src/share/vm/classfile/systemDictionary.cpp, line 210]
Event: 71.427 Thread 0x00007fa94c987000 Exception <a 'java/lang/ArrayIndexOutOfBoundsException': 22> (0x00000000ee6ce4b8) thrown at [/HUDSON3/workspace/8-2-build-linux-amd64/jdk8u144/9417/hotspot/src/share/vm/interpreter/interpreterRuntime.cpp, line 366]
Event: 147.142 Thread 0x00007fa8ec9f5800 Exception <a 'java/io/FileNotFoundException'> (0x00000000f196dfb8) thrown at [/HUDSON3/workspace/8-2-build-linux-amd64/jdk8u144/9417/hotspot/src/share/vm/prims/jni.cpp, line 709]
Event: 166.413 Thread 0x00007fa8d8002000 Implicit null exception at 0x00007fa93d112875 to 0x00007fa93d112a8d
Event: 166.433 Thread 0x00007fa8d8002000 Implicit null exception at 0x00007fa93d1e3b36 to 0x00007fa93d1e3ee9
Event: 166.933 Thread 0x00007fa8d8002000 Implicit null exception at 0x00007fa93d2387f5 to 0x00007fa93d238ba1
Event: 364.447 Thread 0x00007fa94c980800 Exception <a 'java/net/SocketTimeoutException': Accept timed out> (0x00000000eafd2fe0) thrown at [/HUDSON3/workspace/8-2-build-linux-amd64/jdk8u144/9417/hotspot/src/share/vm/prims/jni.cpp, line 735]
Event: 437.239 Thread 0x00007fa8f409f000 Exception <a 'java/net/SocketException': Socket closed> (0x00000000eb530568) thrown at [/HUDSON3/workspace/8-2-build-linux-amd64/jdk8u144/9417/hotspot/src/share/vm/prims/jni.cpp, line 735]
Event: 443.039 Thread 0x00007fa8d8002000 Implicit null exception at 0x00007fa93e77c973 to 0x00007fa93e77da39

Events (10 events):
Event: 708.987 Thread 0x00007fa94c184800 flushing nmethod 0x00007fa93e561250
Event: 708.988 Thread 0x00007fa94c184800 flushing nmethod 0x00007fa93e56cdd0
Event: 708.989 Thread 0x00007fa94c184800 flushing nmethod 0x00007fa93e77c710
Event: 710.536 Thread 0x00007fa8d8002000 Uncommon trap: trap_request=0xffffffc6 fr.pc=0x00007fa93df81f98
Event: 710.556 Thread 0x00007fa8d8002000 DEOPT PACKING pc=0x00007fa93df81f98 sp=0x00007fa905958cd0
Event: 710.586 Thread 0x00007fa8d8002000 DEOPT UNPACKING pc=0x00007fa93d005229 sp=0x00007fa905958cc8 mode 2
Event: 710.614 Thread 0x00007fa8d8002000 Uncommon trap: trap_request=0xffffffc6 fr.pc=0x00007fa93df81f98
Event: 710.614 Thread 0x00007fa8d8002000 DEOPT PACKING pc=0x00007fa93df81f98 sp=0x00007fa905958cd0
Event: 710.614 Thread 0x00007fa8d8002000 DEOPT UNPACKING pc=0x00007fa93d005229 sp=0x00007fa905958cc8 mode 2
Event: 710.837 Executing VM operation: ParallelGCFailedAllocation


Dynamic libraries:
00400000-00401000 r-xp 00000000 08:01 1995361                            /usr/lib/jvm/java-8-oracle/jre/bin/java
00600000-00601000 rw-p 00000000 08:01 1995361                            /usr/lib/jvm/java-8-oracle/jre/bin/java
006c1000-006e2000 rw-p 00000000 00:00 0                                  [heap]
c0000000-cab00000 rw-p 00000000 00:00 0 
cab00000-eab00000 ---p 00000000 00:00 0 
eab00000-f8700000 rw-p 00000000 00:00 0 
ff000000-100000000 ---p 00000000 00:00 0 
100000000-1009e0000 rw-p 00000000 00:00 0 
1009e0000-140000000 ---p 00000000 00:00 0 
7fa8cc000000-7fa8cc6e9000 rw-p 00000000 00:00 0 
7fa8cc6e9000-7fa8d0000000 ---p 00000000 00:00 0 
7fa8d4000000-7fa8d4021000 rw-p 00000000 00:00 0 
7fa8d4021000-7fa8d8000000 ---p 00000000 00:00 0 
7fa8d8000000-7fa8d8021000 rw-p 00000000 00:00 0 
7fa8d8021000-7fa8dc000000 ---p 00000000 00:00 0 
7fa8dc000000-7fa8dc021000 rw-p 00000000 00:00 0 
7fa8dc021000-7fa8e0000000 ---p 00000000 00:00 0 
7fa8e0000000-7fa8e0022000 rw-p 00000000 00:00 0 
7fa8e0022000-7fa8e4000000 ---p 00000000 00:00 0 
7fa8e4000000-7fa8e4024000 rw-p 00000000 00:00 0 
7fa8e4024000-7fa8e8000000 ---p 00000000 00:00 0 
7fa8e8000000-7fa8e8021000 rw-p 00000000 00:00 0 
7fa8e8021000-7fa8ec000000 ---p 00000000 00:00 0 
7fa8ec000000-7fa8eca57000 rw-p 00000000 00:00 0 
7fa8eca57000-7fa8f0000000 ---p 00000000 00:00 0 
7fa8f0000000-7fa8f0021000 rw-p 00000000 00:00 0 
7fa8f0021000-7fa8f4000000 ---p 00000000 00:00 0 
7fa8f4000000-7fa8f40b2000 rw-p 00000000 00:00 0 
7fa8f40b2000-7fa8f8000000 ---p 00000000 00:00 0 
7fa8f8000000-7fa8f8021000 rw-p 00000000 00:00 0 
7fa8f8021000-7fa8fc000000 ---p 00000000 00:00 0 
7fa8fc000000-7fa8fc28d000 rw-p 00000000 00:00 0 
7fa8fc28d000-7fa900000000 ---p 00000000 00:00 0 
7fa900000000-7fa900021000 rw-p 00000000 00:00 0 
7fa900021000-7fa904000000 ---p 00000000 00:00 0 
7fa90525c000-7fa9053dc000 rw-p 00000000 00:00 0 
7fa9053dc000-7fa90545c000 ---p 00000000 00:00 0 
7fa90545c000-7fa90565c000 rw-p 00000000 00:00 0 
7fa90565c000-7fa90585c000 rw-p 00000000 00:00 0 
7fa90585c000-7fa90585f000 ---p 00000000 00:00 0 
7fa90585f000-7fa90595d000 rw-p 00000000 00:00 0                          [stack:39826]
7fa90595d000-7fa905960000 ---p 00000000 00:00 0 
7fa905960000-7fa905a5e000 rw-p 00000000 00:00 0 
7fa905a5e000-7fa905a61000 ---p 00000000 00:00 0 
7fa905a61000-7fa905c97000 rw-p 00000000 00:00 0 
7fa905c97000-7fa905c9a000 ---p 00000000 00:00 0 
7fa905c9a000-7fa905d98000 rw-p 00000000 00:00 0                          [stack:39873]
7fa905d98000-7fa905d9b000 ---p 00000000 00:00 0 
7fa905d9b000-7fa905e99000 rw-p 00000000 00:00 0 
7fa905e99000-7fa905e9c000 ---p 00000000 00:00 0 
7fa905e9c000-7fa905f9a000 rw-p 00000000 00:00 0 
7fa905f9a000-7fa905f9d000 ---p 00000000 00:00 0 
7fa905f9d000-7fa90629b000 rw-p 00000000 00:00 0 
7fa90629b000-7fa90649b000 rw-p 00000000 00:00 0 
7fa90649b000-7fa90669b000 rw-p 00000000 00:00 0 
7fa90669b000-7fa90689b000 rw-p 00000000 00:00 0 
7fa90689b000-7fa9068b7000 r--s 00393000 08:01 1995491                    /usr/lib/jvm/java-8-oracle/jre/lib/ext/cldrdata.jar
7fa9068b7000-7fa906ab7000 rw-p 00000000 00:00 0 
7fa906ab7000-7fa906aba000 ---p 00000000 00:00 0 
7fa906aba000-7fa906db8000 rw-p 00000000 00:00 0 
7fa906db8000-7fa906fb8000 rw-p 00000000 00:00 0 
7fa906fb8000-7fa9071b8000 rw-p 00000000 00:00 0 
7fa9071b8000-7fa907232000 r--s 010f7000 08:01 1995712                    /usr/lib/jvm/java-8-oracle/lib/tools.jar
7fa907241000-7fa907242000 rw-p 00000000 00:00 0 
7fa907242000-7fa907244000 r--s 00009000 08:01 1995492                    /usr/lib/jvm/java-8-oracle/jre/lib/ext/sunec.jar
7fa907244000-7fa9072d9000 r--s 01110000 08:01 1995490                    /usr/lib/jvm/java-8-oracle/jre/lib/ext/jfxrt.jar
7fa9072d9000-7fa9072f4000 r--s 001d3000 08:01 1995486                    /usr/lib/jvm/java-8-oracle/jre/lib/ext/nashorn.jar
7fa9072f4000-7fa9074f4000 rw-p 00000000 00:00 0 
7fa9074f4000-7fa9076f4000 rw-p 00000000 00:00 0 
7fa9076f4000-7fa9078f4000 rw-p 00000000 00:00 0 
7fa9078f4000-7fa9078f7000 ---p 00000000 00:00 0 
7fa9078f7000-7fa9079f5000 rw-p 00000000 00:00 0                          [stack:39787]
7fa9079f5000-7fa9079f8000 ---p 00000000 00:00 0 
7fa9079f8000-7fa907af6000 rw-p 00000000 00:00 0 
7fa907af6000-7fa907af9000 ---p 00000000 00:00 0 
7fa907af9000-7fa907bf7000 rw-p 00000000 00:00 0 
7fa907bf7000-7fa907c00000 r-xp 00000000 08:01 1995511                    /usr/lib/jvm/java-8-oracle/jre/lib/amd64/libmanagement.so
7fa907c00000-7fa907dff000 ---p 00009000 08:01 1995511                    /usr/lib/jvm/java-8-oracle/jre/lib/amd64/libmanagement.so
7fa907dff000-7fa907e00000 rw-p 00008000 08:01 1995511                    /usr/lib/jvm/java-8-oracle/jre/lib/amd64/libmanagement.so
7fa907e00000-7fa908000000 rw-p 00000000 00:00 0 
7fa908000000-7fa908ca7000 rw-p 00000000 00:00 0 
7fa908ca7000-7fa90c000000 ---p 00000000 00:00 0 
7fa90c000000-7fa90c021000 rw-p 00000000 00:00 0 
7fa90c021000-7fa910000000 ---p 00000000 00:00 0 
7fa910000000-7fa91298e000 rw-p 00000000 00:00 0 
7fa91298e000-7fa914000000 ---p 00000000 00:00 0 
7fa914000000-7fa915dee000 rw-p 00000000 00:00 0 
7fa915dee000-7fa918000000 ---p 00000000 00:00 0 
7fa918000000-7fa918021000 rw-p 00000000 00:00 0 
7fa918021000-7fa91c000000 ---p 00000000 00:00 0 
7fa91c000000-7fa91c021000 rw-p 00000000 00:00 0 
7fa91c021000-7fa920000000 ---p 00000000 00:00 0 
7fa920000000-7fa9202bd000 rw-p 00000000 00:00 0 
7fa9202bd000-7fa924000000 ---p 00000000 00:00 0 
7fa924000000-7fa924021000 rw-p 00000000 00:00 0 
7fa924021000-7fa928000000 ---p 00000000 00:00 0 
7fa928000000-7fa928021000 rw-p 00000000 00:00 0 
7fa928021000-7fa92c000000 ---p 00000000 00:00 0 
7fa92c000000-7fa92c021000 rw-p 00000000 00:00 0 
7fa92c021000-7fa930000000 ---p 00000000 00:00 0 
7fa930000000-7fa930021000 rw-p 00000000 00:00 0 
7fa930021000-7fa934000000 ---p 00000000 00:00 0 
7fa934000000-7fa934006000 r--s 0003f000 08:01 1995489                    /usr/lib/jvm/java-8-oracle/jre/lib/ext/sunjce_provider.jar
7fa934006000-7fa93400a000 r--s 0003a000 08:01 1995488                    /usr/lib/jvm/java-8-oracle/jre/lib/ext/sunpkcs11.jar
7fa93400a000-7fa93400b000 r--s 0000a000 08:01 1995487                    /usr/lib/jvm/java-8-oracle/jre/lib/ext/jaccess.jar
7fa93400b000-7fa93400c000 r--s 00010000 08:01 1995485                    /usr/lib/jvm/java-8-oracle/jre/lib/ext/zipfs.jar
7fa93400c000-7fa934016000 r--s 00116000 08:01 1995484                    /usr/lib/jvm/java-8-oracle/jre/lib/ext/localedata.jar
7fa934016000-7fa934018000 r--s 00001000 08:01 1995483                    /usr/lib/jvm/java-8-oracle/jre/lib/ext/dnsns.jar
7fa934018000-7fa93401d000 r--s 00084000 08:01 1995394                    /usr/lib/jvm/java-8-oracle/jre/lib/jfr.jar
7fa93401d000-7fa934022000 r--s 002f9000 08:01 1995397                    /usr/lib/jvm/java-8-oracle/jre/lib/charsets.jar
7fa934022000-7fa934025000 r--s 0001a000 08:01 1995698                    /usr/lib/jvm/java-8-oracle/jre/lib/jce.jar
7fa934025000-7fa934038000 r--s 00345000 08:01 1995466                    /usr/lib/jvm/java-8-oracle/jre/lib/resources.jar
7fa934038000-7fa93403b000 ---p 00000000 00:00 0 
7fa93403b000-7fa934139000 rw-p 00000000 00:00 0                          [stack:39784]
7fa934139000-7fa93413b000 r--s 0000b000 08:01 1854522                    /home/jmnavarr/.sbt/boot/scala-2.10.4/com.typesafe.sbtrc/server-0-13/0.3.1/xsbti/interface-0.13.8-M3.jar
7fa93413b000-7fa93413d000 r--s 00007000 08:01 1854537                    /home/jmnavarr/.sbt/boot/scala-2.10.4/com.typesafe.sbtrc/server-0-13/0.3.1/paranamer-2.6.jar
7fa93413d000-7fa934141000 r--s 00034000 08:01 1854503                    /home/jmnavarr/.sbt/boot/scala-2.10.4/com.typesafe.sbtrc/server-0-13/0.3.1/jsch-0.1.46.jar
7fa934141000-7fa934143000 r--s 00001000 08:01 1854511                    /home/jmnavarr/.sbt/boot/scala-2.10.4/com.typesafe.sbtrc/server-0-13/0.3.1/cross-0.13.8-M3.jar
7fa934143000-7fa93414d000 r--s 0006e000 08:01 1854552                    /home/jmnavarr/.sbt/boot/scala-2.10.4/com.typesafe.sbtrc/server-0-13/0.3.1/incremental-compiler-0.13.8-M3.jar
7fa93414d000-7fa934183000 r--s 002d9000 08:01 1854550                    /home/jmnavarr/.sbt/boot/scala-2.10.4/com.typesafe.sbtrc/server-0-13/0.3.1/scala-reflect-2.10.4.jar
7fa934183000-7fa934199000 r--s 00100000 08:01 1854531                    /home/jmnavarr/.sbt/boot/scala-2.10.4/com.typesafe.sbtrc/server-0-13/0.3.1/ivy-2.3.0-sbt-fccfbd44c9f64523b61398a0155784dcbaeae28f.jar
7fa934199000-7fa93419b000 r--s 0000e000 08:01 1854514                    /home/jmnavarr/.sbt/boot/scala-2.10.4/com.typesafe.sbtrc/server-0-13/0.3.1/logic-0.13.8-M3.jar
7fa93419b000-7fa93419e000 r--s 00018000 08:01 1854533                    /home/jmnavarr/.sbt/boot/scala-2.10.4/com.typesafe.sbtrc/server-0-13/0.3.1/logging-0.13.8-M3.jar
7fa93419e000-7fa9341a1000 r--s 00030000 08:01 1854547                    /home/jmnavarr/.sbt/boot/scala-2.10.4/com.typesafe.sbtrc/server-0-13/0.3.1/jline-2.11.jar
7fa9341a1000-7fa9341a4000 r--s 0001d000 08:01 1854504                    /home/jmnavarr/.sbt/boot/scala-2.10.4/com.typesafe.sbtrc/server-0-13/0.3.1/task-system-0.13.8-M3.jar
7fa9341a4000-7fa9341a6000 r--s 0000f000 08:01 1854532                    /home/jmnavarr/.sbt/boot/scala-2.10.4/com.typesafe.sbtrc/server-0-13/0.3.1/json4s-native_2.10-3.2.10.jar
7fa9341a6000-7fa9341a8000 r--s 00012000 08:01 1854546                    /home/jmnavarr/.sbt/boot/scala-2.10.4/com.typesafe.sbtrc/server-0-13/0.3.1/jawn-parser_2.10-0.6.0.jar
7fa9341a8000-7fa9341ab000 r--s 00013000 08:01 1854549                    /home/jmnavarr/.sbt/boot/scala-2.10.4/com.typesafe.sbtrc/server-0-13/0.3.1/classpath-0.13.8-M3.jar
7fa9341ab000-7fa9341b1000 r--s 0003d000 08:01 1854499                    /home/jmnavarr/.sbt/boot/scala-2.10.4/com.typesafe.sbtrc/server-0-13/0.3.1/io-0.13.8-M3.jar
7fa9341b1000-7fa9341dc000 r--s 00233000 08:01 1854548                    /home/jmnavarr/.sbt/boot/scala-2.10.4/com.typesafe.sbtrc/server-0-13/0.3.1/main-0.13.8-M3.jar
7fa9341dc000-7fa9341df000 r--s 0001a000 08:01 1854520                    /home/jmnavarr/.sbt/boot/scala-2.10.4/com.typesafe.sbtrc/server-0-13/0.3.1/cache-0.13.8-M3.jar
7fa9341df000-7fa9341e4000 r--s 00036000 08:01 1854518                    /home/jmnavarr/.sbt/boot/scala-2.10.4/com.typesafe.sbtrc/server-0-13/0.3.1/compile-0.13.8-M3.jar
7fa9341e4000-7fa9341e5000 r--s 00005000 08:01 1854508                    /home/jmnavarr/.sbt/boot/scala-2.10.4/com.typesafe.sbtrc/server-0-13/0.3.1/sbt-0.13.8-M3.jar
7fa9341e5000-7fa9341ed000 r--s 00057000 08:01 1854500                    /home/jmnavarr/.sbt/boot/scala-2.10.4/com.typesafe.sbtrc/server-0-13/0.3.1/completion-0.13.8-M3.jar
7fa9341ed000-7fa9343ed000 rw-p 00000000 00:00 0 
7fa9343ed000-7fa9345ed000 rw-p 00000000 00:00 0 
7fa9345ed000-7fa9347ed000 rw-p 00000000 00:00 0 
7fa9347ed000-7fa9348ea000 r--s 00cca000 08:01 1854558                    /home/jmnavarr/.sbt/boot/scala-2.10.4/lib/scala-compiler.jar
7fa9348ea000-7fa9348fb000 r-xp 00000000 08:01 1995516                    /usr/lib/jvm/java-8-oracle/jre/lib/amd64/libnio.so
7fa9348fb000-7fa934afa000 ---p 00011000 08:01 1995516                    /usr/lib/jvm/java-8-oracle/jre/lib/amd64/libnio.so
7fa934afa000-7fa934afb000 rw-p 00010000 08:01 1995516                    /usr/lib/jvm/java-8-oracle/jre/lib/amd64/libnio.so
7fa934afb000-7fa934b11000 r-xp 00000000 08:01 1995520                    /usr/lib/jvm/java-8-oracle/jre/lib/amd64/libnet.so
7fa934b11000-7fa934d11000 ---p 00016000 08:01 1995520                    /usr/lib/jvm/java-8-oracle/jre/lib/amd64/libnet.so
7fa934d11000-7fa934d12000 rw-p 00016000 08:01 1995520                    /usr/lib/jvm/java-8-oracle/jre/lib/amd64/libnet.so
7fa934d12000-7fa934d13000 ---p 00000000 00:00 0 
7fa934d13000-7fa934e13000 rw-p 00000000 00:00 0                          [stack:39779]
7fa934e13000-7fa934e16000 ---p 00000000 00:00 0 
7fa934e16000-7fa934f14000 rw-p 00000000 00:00 0                          [stack:39778]
7fa934f14000-7fa934f17000 ---p 00000000 00:00 0 
7fa934f17000-7fa935015000 rw-p 00000000 00:00 0                          [stack:39777]
7fa935015000-7fa935018000 ---p 00000000 00:00 0 
7fa935018000-7fa935116000 rw-p 00000000 00:00 0                          [stack:39776]
7fa935116000-7fa935119000 ---p 00000000 00:00 0 
7fa935119000-7fa935217000 rw-p 00000000 00:00 0                          [stack:39775]
7fa935217000-7fa93521a000 ---p 00000000 00:00 0 
7fa93521a000-7fa935318000 rw-p 00000000 00:00 0                          [stack:39774]
7fa935318000-7fa9359fa000 r--p 00000000 08:01 1974256                    /usr/lib/locale/locale-archive
7fa9359fa000-7fa9359fd000 ---p 00000000 00:00 0 
7fa9359fd000-7fa935afb000 rw-p 00000000 00:00 0                          [stack:39773]
7fa935afb000-7fa935afe000 ---p 00000000 00:00 0 
7fa935afe000-7fa935bfc000 rw-p 00000000 00:00 0                          [stack:39772]
7fa935bfc000-7fa935bfd000 ---p 00000000 00:00 0 
7fa935bfd000-7fa938000000 rw-p 00000000 00:00 0                          [stack:39771]
7fa938000000-7fa938021000 rw-p 00000000 00:00 0 
7fa938021000-7fa93c000000 ---p 00000000 00:00 0 
7fa93c000000-7fa93c002000 r--s 00002000 08:01 1854542                    /home/jmnavarr/.sbt/boot/scala-2.10.4/com.typesafe.sbtrc/server-0-13/0.3.1/control-0.13.8-M3.jar
7fa93c002000-7fa93c004000 r--s 00006000 08:01 1854513                    /home/jmnavarr/.sbt/boot/scala-2.10.4/com.typesafe.sbtrc/server-0-13/0.3.1/relation-0.13.8-M3.jar
7fa93c004000-7fa93c008000 r--s 00022000 08:01 1854502                    /home/jmnavarr/.sbt/boot/scala-2.10.4/com.typesafe.sbtrc/server-0-13/0.3.1/sbinary_2.10-0.4.2.jar
7fa93c008000-7fa93c00c000 r--s 0001b000 08:01 1854535                    /home/jmnavarr/.sbt/boot/scala-2.10.4/com.typesafe.sbtrc/server-0-13/0.3.1/process-0.13.8-M3.jar
7fa93c00c000-7fa93c01f000 r--s 000be000 08:01 1854525                    /home/jmnavarr/.sbt/boot/scala-2.10.4/com.typesafe.sbtrc/server-0-13/0.3.1/scalap-2.10.0.jar
7fa93c01f000-7fa93c022000 r--s 0001d000 08:01 1854526                    /home/jmnavarr/.sbt/boot/scala-2.10.4/com.typesafe.sbtrc/server-0-13/0.3.1/tasks-0.13.8-M3.jar
7fa93c022000-7fa93c02e000 r--s 000a4000 08:01 1854529                    /home/jmnavarr/.sbt/boot/scala-2.10.4/com.typesafe.sbtrc/server-0-13/0.3.1/quasiquotes_2.10-2.0.1.jar
7fa93c02e000-7fa93c03d000 r--s 000bb000 08:01 1854530                    /home/jmnavarr/.sbt/boot/scala-2.10.4/com.typesafe.sbtrc/server-0-13/0.3.1/scala-pickling_2.10-0.10.0.jar
7fa93c03d000-7fa93c046000 r--s 0006e000 08:01 1854541                    /home/jmnavarr/.sbt/boot/scala-2.10.4/com.typesafe.sbtrc/server-0-13/0.3.1/actions-0.13.8-M3.jar
7fa93c046000-7fa93c048000 r--s 00014000 08:01 1854516                    /home/jmnavarr/.sbt/boot/scala-2.10.4/com.typesafe.sbtrc/server-0-13/0.3.1/apply-macro-0.13.8-M3.jar
7fa93c048000-7fa93c04a000 r--s 00002000 08:01 1854538                    /home/jmnavarr/.sbt/boot/scala-2.10.4/com.typesafe.sbtrc/server-0-13/0.3.1/test-interface-1.0.jar
7fa93c04a000-7fa93c079000 r--s 0026c000 08:01 1854523                    /home/jmnavarr/.sbt/boot/scala-2.10.4/com.typesafe.sbtrc/server-0-13/0.3.1/server-0-13-0.3.1.jar
7fa93c079000-7fa93c07c000 r--s 0001e000 08:01 1854543                    /home/jmnavarr/.sbt/boot/scala-2.10.4/com.typesafe.sbtrc/server-0-13/0.3.1/run-0.13.8-M3.jar
7fa93c07c000-7fa93c07d000 r--s 00001000 08:01 1854498                    /home/jmnavarr/.sbt/boot/scala-2.10.4/com.typesafe.sbtrc/server-0-13/0.3.1/json4s-support_2.10-0.6.0.jar
7fa93c07d000-7fa93c087000 r--s 00085000 08:01 1854551                    /home/jmnavarr/.sbt/boot/scala-2.10.4/com.typesafe.sbtrc/server-0-13/0.3.1/json4s-core_2.10-3.2.10.jar
7fa93c087000-7fa93c08e000 r--s 00044000 08:01 1854540                    /home/jmnavarr/.sbt/boot/scala-2.10.4/com.typesafe.sbtrc/server-0-13/0.3.1/serialization_2.10-0.1.0.jar
7fa93c08e000-7fa93c090000 r--s 00017000 08:01 1854517                    /home/jmnavarr/.sbt/boot/scala-2.10.4/com.typesafe.sbtrc/server-0-13/0.3.1/testing-0.13.8-M3.jar
7fa93c090000-7fa93c098000 r--s 00060000 08:01 1854512                    /home/jmnavarr/.sbt/boot/scala-2.10.4/com.typesafe.sbtrc/server-0-13/0.3.1/collections-0.13.8-M3.jar
7fa93c098000-7fa93c09d000 r--s 00036000 08:01 1854505                    /home/jmnavarr/.sbt/boot/scala-2.10.4/com.typesafe.sbtrc/server-0-13/0.3.1/command-0.13.8-M3.jar
7fa93c09d000-7fa93c09e000 r--s 0000a000 08:01 1854515                    /home/jmnavarr/.sbt/boot/scala-2.10.4/com.typesafe.sbtrc/server-0-13/0.3.1/tracking-0.13.8-M3.jar
7fa93c09e000-7fa93c0a1000 r--s 00012000 08:01 1854534                    /home/jmnavarr/.sbt/boot/scala-2.10.4/com.typesafe.sbtrc/server-0-13/0.3.1/classfile-0.13.8-M3.jar
7fa93c0a1000-7fa93c0a3000 r--s 00001000 08:01 1854497                    /home/jmnavarr/.sbt/boot/scala-2.10.4/com.typesafe.sbtrc/server-0-13/0.3.1/compiler-ivy-integration-0.13.8-M3.jar
7fa93c0a3000-7fa93c0a5000 r--s 00013000 08:01 1854524                    /home/jmnavarr/.sbt/boot/scala-2.10.4/com.typesafe.sbtrc/server-0-13/0.3.1/json4s-ast_2.10-3.2.10.jar
7fa93c0a5000-7fa93c0af000 r--s 00092000 08:01 1854509                    /home/jmnavarr/.sbt/boot/scala-2.10.4/com.typesafe.sbtrc/server-0-13/0.3.1/main-settings-0.13.8-M3.jar
7fa93c0af000-7fa93c0c3000 r--s 00109000 08:01 1854527                    /home/jmnavarr/.sbt/boot/scala-2.10.4/com.typesafe.sbtrc/server-0-13/0.3.1/ivy-0.13.8-M3.jar
7fa93c0c3000-7fa93c0f9000 r--s 002d9000 08:01 1854557                    /home/jmnavarr/.sbt/boot/scala-2.10.4/lib/scala-reflect.jar
7fa93c0f9000-7fa93d000000 rw-p 00000000 00:00 0 
7fa93d000000-7fa93eac0000 rwxp 00000000 00:00 0 
7fa93eac0000-7fa94c000000 ---p 00000000 00:00 0 
7fa94c000000-7fa94c992000 rw-p 00000000 00:00 0 
7fa94c992000-7fa950000000 ---p 00000000 00:00 0 
7fa950000000-7fa950001000 r--s 00005000 08:01 1854536                    /home/jmnavarr/.sbt/boot/scala-2.10.4/com.typesafe.sbtrc/server-0-13/0.3.1/test-agent-0.13.8-M3.jar
7fa950001000-7fa950008000 r--s 00049000 08:01 1854528                    /home/jmnavarr/.sbt/boot/scala-2.10.4/com.typesafe.sbtrc/server-0-13/0.3.1/api-0.13.8-M3.jar
7fa950008000-7fa95000b000 r--s 0001c000 08:01 1854510                    /home/jmnavarr/.sbt/boot/scala-2.10.4/com.typesafe.sbtrc/server-0-13/0.3.1/compiler-integration-0.13.8-M3.jar
7fa95000b000-7fa95007d000 r--s 0065a000 08:01 1854559                    /home/jmnavarr/.sbt/boot/scala-2.10.4/lib/scala-library.jar
7fa95007d000-7fa950582000 rw-p 00000000 00:00 0 
7fa950582000-7fa95075c000 r--s 03d4d000 08:01 1995569                    /usr/lib/jvm/java-8-oracle/jre/lib/rt.jar
7fa95075c000-7fa9509d2000 rw-p 00000000 00:00 0 
7fa9509d2000-7fa9509d3000 ---p 00000000 00:00 0 
7fa9509d3000-7fa950ad3000 rw-p 00000000 00:00 0                          [stack:39770]
7fa950ad3000-7fa950ad4000 ---p 00000000 00:00 0 
7fa950ad4000-7fa950bd4000 rw-p 00000000 00:00 0                          [stack:39769]
7fa950bd4000-7fa950bd5000 ---p 00000000 00:00 0 
7fa950bd5000-7fa950cd5000 rw-p 00000000 00:00 0                          [stack:39768]
7fa950cd5000-7fa950cd6000 ---p 00000000 00:00 0 
7fa950cd6000-7fa950e2c000 rw-p 00000000 00:00 0                          [stack:39767]
7fa950e2c000-7fa950f2c000 ---p 00000000 00:00 0 
7fa950f2c000-7fa950f82000 rw-p 00000000 00:00 0 
7fa950f82000-7fa951081000 ---p 00000000 00:00 0 
7fa951081000-7fa9510f0000 rw-p 00000000 00:00 0 
7fa9510f0000-7fa95112c000 ---p 00000000 00:00 0 
7fa95112c000-7fa951198000 rw-p 00000000 00:00 0 
7fa951198000-7fa9514ed000 ---p 00000000 00:00 0 
7fa9514ed000-7fa951507000 r-xp 00000000 08:01 1995497                    /usr/lib/jvm/java-8-oracle/jre/lib/amd64/libzip.so
7fa951507000-7fa951707000 ---p 0001a000 08:01 1995497                    /usr/lib/jvm/java-8-oracle/jre/lib/amd64/libzip.so
7fa951707000-7fa951708000 rw-p 0001a000 08:01 1995497                    /usr/lib/jvm/java-8-oracle/jre/lib/amd64/libzip.so
7fa951708000-7fa951713000 r-xp 00000000 08:01 1577060                    /lib/x86_64-linux-gnu/libnss_files-2.19.so
7fa951713000-7fa951912000 ---p 0000b000 08:01 1577060                    /lib/x86_64-linux-gnu/libnss_files-2.19.so
7fa951912000-7fa951913000 r--p 0000a000 08:01 1577060                    /lib/x86_64-linux-gnu/libnss_files-2.19.so
7fa951913000-7fa951914000 rw-p 0000b000 08:01 1577060                    /lib/x86_64-linux-gnu/libnss_files-2.19.so
7fa951914000-7fa95191f000 r-xp 00000000 08:01 1577070                    /lib/x86_64-linux-gnu/libnss_nis-2.19.so
7fa95191f000-7fa951b1e000 ---p 0000b000 08:01 1577070                    /lib/x86_64-linux-gnu/libnss_nis-2.19.so
7fa951b1e000-7fa951b1f000 r--p 0000a000 08:01 1577070                    /lib/x86_64-linux-gnu/libnss_nis-2.19.so
7fa951b1f000-7fa951b20000 rw-p 0000b000 08:01 1577070                    /lib/x86_64-linux-gnu/libnss_nis-2.19.so
7fa951b20000-7fa951b37000 r-xp 00000000 08:01 1577054                    /lib/x86_64-linux-gnu/libnsl-2.19.so
7fa951b37000-7fa951d36000 ---p 00017000 08:01 1577054                    /lib/x86_64-linux-gnu/libnsl-2.19.so
7fa951d36000-7fa951d37000 r--p 00016000 08:01 1577054                    /lib/x86_64-linux-gnu/libnsl-2.19.so
7fa951d37000-7fa951d38000 rw-p 00017000 08:01 1577054                    /lib/x86_64-linux-gnu/libnsl-2.19.so
7fa951d38000-7fa951d3a000 rw-p 00000000 00:00 0 
7fa951d3a000-7fa951d43000 r-xp 00000000 08:01 1577056                    /lib/x86_64-linux-gnu/libnss_compat-2.19.so
7fa951d43000-7fa951f42000 ---p 00009000 08:01 1577056                    /lib/x86_64-linux-gnu/libnss_compat-2.19.so
7fa951f42000-7fa951f43000 r--p 00008000 08:01 1577056                    /lib/x86_64-linux-gnu/libnss_compat-2.19.so
7fa951f43000-7fa951f44000 rw-p 00009000 08:01 1577056                    /lib/x86_64-linux-gnu/libnss_compat-2.19.so
7fa951f44000-7fa951f6f000 r-xp 00000000 08:01 1995542                    /usr/lib/jvm/java-8-oracle/jre/lib/amd64/libjava.so
7fa951f6f000-7fa95216e000 ---p 0002b000 08:01 1995542                    /usr/lib/jvm/java-8-oracle/jre/lib/amd64/libjava.so
7fa95216e000-7fa952170000 rw-p 0002a000 08:01 1995542                    /usr/lib/jvm/java-8-oracle/jre/lib/amd64/libjava.so
7fa952170000-7fa95217d000 r-xp 00000000 08:01 1995540                    /usr/lib/jvm/java-8-oracle/jre/lib/amd64/libverify.so
7fa95217d000-7fa95237d000 ---p 0000d000 08:01 1995540                    /usr/lib/jvm/java-8-oracle/jre/lib/amd64/libverify.so
7fa95237d000-7fa95237f000 rw-p 0000d000 08:01 1995540                    /usr/lib/jvm/java-8-oracle/jre/lib/amd64/libverify.so
7fa95237f000-7fa952386000 r-xp 00000000 08:01 1577113                    /lib/x86_64-linux-gnu/librt-2.19.so
7fa952386000-7fa952585000 ---p 00007000 08:01 1577113                    /lib/x86_64-linux-gnu/librt-2.19.so
7fa952585000-7fa952586000 r--p 00006000 08:01 1577113                    /lib/x86_64-linux-gnu/librt-2.19.so
7fa952586000-7fa952587000 rw-p 00007000 08:01 1577113                    /lib/x86_64-linux-gnu/librt-2.19.so
7fa952587000-7fa95268c000 r-xp 00000000 08:01 1577035                    /lib/x86_64-linux-gnu/libm-2.19.so
7fa95268c000-7fa95288b000 ---p 00105000 08:01 1577035                    /lib/x86_64-linux-gnu/libm-2.19.so
7fa95288b000-7fa95288c000 r--p 00104000 08:01 1577035                    /lib/x86_64-linux-gnu/libm-2.19.so
7fa95288c000-7fa95288d000 rw-p 00105000 08:01 1577035                    /lib/x86_64-linux-gnu/libm-2.19.so
7fa95288d000-7fa953560000 r-xp 00000000 08:01 1995506                    /usr/lib/jvm/java-8-oracle/jre/lib/amd64/server/libjvm.so
7fa953560000-7fa95375f000 ---p 00cd3000 08:01 1995506                    /usr/lib/jvm/java-8-oracle/jre/lib/amd64/server/libjvm.so
7fa95375f000-7fa953839000 rw-p 00cd2000 08:01 1995506                    /usr/lib/jvm/java-8-oracle/jre/lib/amd64/server/libjvm.so
7fa953839000-7fa953884000 rw-p 00000000 00:00 0 
7fa953884000-7fa953a40000 r-xp 00000000 08:01 1576985                    /lib/x86_64-linux-gnu/libc-2.19.so
7fa953a40000-7fa953c3f000 ---p 001bc000 08:01 1576985                    /lib/x86_64-linux-gnu/libc-2.19.so
7fa953c3f000-7fa953c43000 r--p 001bb000 08:01 1576985                    /lib/x86_64-linux-gnu/libc-2.19.so
7fa953c43000-7fa953c45000 rw-p 001bf000 08:01 1576985                    /lib/x86_64-linux-gnu/libc-2.19.so
7fa953c45000-7fa953c4a000 rw-p 00000000 00:00 0 
7fa953c4a000-7fa953c4d000 r-xp 00000000 08:01 1577002                    /lib/x86_64-linux-gnu/libdl-2.19.so
7fa953c4d000-7fa953e4c000 ---p 00003000 08:01 1577002                    /lib/x86_64-linux-gnu/libdl-2.19.so
7fa953e4c000-7fa953e4d000 r--p 00002000 08:01 1577002                    /lib/x86_64-linux-gnu/libdl-2.19.so
7fa953e4d000-7fa953e4e000 rw-p 00003000 08:01 1577002                    /lib/x86_64-linux-gnu/libdl-2.19.so
7fa953e4e000-7fa953e63000 r-xp 00000000 08:01 1995534                    /usr/lib/jvm/java-8-oracle/jre/lib/amd64/jli/libjli.so
7fa953e63000-7fa954063000 ---p 00015000 08:01 1995534                    /usr/lib/jvm/java-8-oracle/jre/lib/amd64/jli/libjli.so
7fa954063000-7fa954064000 rw-p 00015000 08:01 1995534                    /usr/lib/jvm/java-8-oracle/jre/lib/amd64/jli/libjli.so
7fa954064000-7fa95407d000 r-xp 00000000 08:01 1577105                    /lib/x86_64-linux-gnu/libpthread-2.19.so
7fa95407d000-7fa95427c000 ---p 00019000 08:01 1577105                    /lib/x86_64-linux-gnu/libpthread-2.19.so
7fa95427c000-7fa95427d000 r--p 00018000 08:01 1577105                    /lib/x86_64-linux-gnu/libpthread-2.19.so
7fa95427d000-7fa95427e000 rw-p 00019000 08:01 1577105                    /lib/x86_64-linux-gnu/libpthread-2.19.so
7fa95427e000-7fa954282000 rw-p 00000000 00:00 0 
7fa954282000-7fa9542a5000 r-xp 00000000 08:01 1576961                    /lib/x86_64-linux-gnu/ld-2.19.so
7fa9542a5000-7fa9542aa000 r--s 00024000 08:01 1854519                    /home/jmnavarr/.sbt/boot/scala-2.10.4/com.typesafe.sbtrc/server-0-13/0.3.1/persist-0.13.8-M3.jar
7fa9542aa000-7fa9542ac000 r--s 00001000 08:01 1854501                    /home/jmnavarr/.sbt/boot/scala-2.10.4/com.typesafe.sbtrc/server-0-13/0.3.1/launcher-interface-0.13.8-M3.jar
7fa9542ac000-7fa9542c7000 r--s 0010d000 08:01 1854467                    /home/jmnavarr/.sbt/launchers/sbt-launch-d860ad03ff560e356a62666e385c2c121ea308c5.jar
7fa9542c7000-7fa954385000 rw-p 00000000 00:00 0 
7fa954385000-7fa954388000 ---p 00000000 00:00 0 
7fa954388000-7fa95448a000 rw-p 00000000 00:00 0                          [stack:39766]
7fa95448a000-7fa95448c000 r--s 0000e000 08:01 1854539                    /home/jmnavarr/.sbt/boot/scala-2.10.4/com.typesafe.sbtrc/server-0-13/0.3.1/core-next_2.10-0.1.1.jar
7fa95448c000-7fa95448f000 r--s 00018000 08:01 1854556                    /home/jmnavarr/.sbt/boot/scala-2.10.4/lib/jansi.jar
7fa95448f000-7fa954493000 r--s 00025000 08:01 1854555                    /home/jmnavarr/.sbt/boot/scala-2.10.4/lib/jline.jar
7fa954493000-7fa954498000 r--s 0009a000 08:01 1995421                    /usr/lib/jvm/java-8-oracle/jre/lib/jsse.jar
7fa954498000-7fa9544a0000 rw-s 00000000 08:01 1854367                    /tmp/hsperfdata_jmnavarr/39762
7fa9544a0000-7fa9544a1000 rw-p 00000000 00:00 0 
7fa9544a1000-7fa9544a2000 ---p 00000000 00:00 0 
7fa9544a2000-7fa9544a4000 rw-p 00000000 00:00 0 
7fa9544a4000-7fa9544a5000 r--p 00022000 08:01 1576961                    /lib/x86_64-linux-gnu/ld-2.19.so
7fa9544a5000-7fa9544a6000 rw-p 00023000 08:01 1576961                    /lib/x86_64-linux-gnu/ld-2.19.so
7fa9544a6000-7fa9544a7000 rw-p 00000000 00:00 0 
7fffc3372000-7fffc3393000 rw-p 00000000 00:00 0                          [stack]
7fffc33a1000-7fffc33a3000 r-xp 00000000 00:00 0                          [vdso]
ffffffffff600000-ffffffffff601000 r-xp 00000000 00:00 0                  [vsyscall]

VM Arguments:
jvm_args: -Xms256m -Xmx1024m -XX:MetaspaceSize=64m -XX:MaxMetaspaceSize=256m 
java_command: /home/jmnavarr/.sbt/launchers/sbt-launch-d860ad03ff560e356a62666e385c2c121ea308c5.jar @load:file:/tmp/sbtlaunch2032567162170194257config
java_class_path (initial): /home/jmnavarr/.sbt/launchers/sbt-launch-d860ad03ff560e356a62666e385c2c121ea308c5.jar
Launcher Type: SUN_STANDARD

Environment Variables:
PATH=/usr/local/sbin:/usr/local/bin:/usr/sbin:/usr/bin:/sbin:/bin:/usr/games:/usr/local/games
SHELL=/bin/bash
DISPLAY=:0

Signal Handlers:
SIGSEGV: [libjvm.so+0xacba10], sa_mask[0]=11111111011111111101111111111110, sa_flags=SA_RESTART|SA_SIGINFO
SIGBUS: [libjvm.so+0xacba10], sa_mask[0]=11111111011111111101111111111110, sa_flags=SA_RESTART|SA_SIGINFO
SIGFPE: [libjvm.so+0x924ba0], sa_mask[0]=11111111011111111101111111111110, sa_flags=SA_RESTART|SA_SIGINFO
SIGPIPE: [libjvm.so+0x924ba0], sa_mask[0]=11111111011111111101111111111110, sa_flags=SA_RESTART|SA_SIGINFO
SIGXFSZ: [libjvm.so+0x924ba0], sa_mask[0]=11111111011111111101111111111110, sa_flags=SA_RESTART|SA_SIGINFO
SIGILL: [libjvm.so+0x924ba0], sa_mask[0]=11111111011111111101111111111110, sa_flags=SA_RESTART|SA_SIGINFO
SIGUSR1: SIG_DFL, sa_mask[0]=00000000000000000000000000000000, sa_flags=none
SIGUSR2: [libjvm.so+0x9263e0], sa_mask[0]=00100000000000000000000000000000, sa_flags=SA_RESTART|SA_SIGINFO
SIGHUP: [libjvm.so+0x9277e0], sa_mask[0]=11111111011111111101111111111110, sa_flags=SA_RESTART|SA_SIGINFO
SIGINT: [libjvm.so+0x9277e0], sa_mask[0]=11111111011111111101111111111110, sa_flags=SA_RESTART|SA_SIGINFO
SIGTERM: [libjvm.so+0x9277e0], sa_mask[0]=11111111011111111101111111111110, sa_flags=SA_RESTART|SA_SIGINFO
SIGQUIT: [libjvm.so+0x9277e0], sa_mask[0]=11111111011111111101111111111110, sa_flags=SA_RESTART|SA_SIGINFO


---------------  S Y S T E M  ---------------

OS:DISTRIB_ID=Ubuntu
DISTRIB_RELEASE=14.04
DISTRIB_CODENAME=trusty
DISTRIB_DESCRIPTION="Ubuntu 14.04 LTS"

uname:Linux 3.13.0-29-generic #53-Ubuntu SMP Wed Jun 4 21:00:20 UTC 2014 x86_64
libc:glibc 2.19 NPTL 2.19 
rlimit: STACK 8192k, CORE 0k, NPROC 31402, NOFILE 4096, AS infinity
load average:32.08 23.59 13.68

/proc/meminfo:
MemTotal:        4041016 kB
MemFree:          102480 kB
Buffers:             248 kB
Cached:            15288 kB
SwapCached:         4752 kB
Active:          2634284 kB
Inactive:         982748 kB
Active(anon):    2633140 kB
Inactive(anon):   969264 kB
Active(file):       1144 kB
Inactive(file):    13484 kB
Unevictable:         108 kB
Mlocked:             108 kB
SwapTotal:       4191228 kB
SwapFree:              0 kB
Dirty:               148 kB
Writeback:             0 kB
AnonPages:       3597404 kB
Mapped:             3712 kB
Shmem:               736 kB
Slab:              82932 kB
SReclaimable:      31496 kB
SUnreclaim:        51436 kB
KernelStack:       11296 kB
PageTables:        56644 kB
NFS_Unstable:          0 kB
Bounce:                0 kB
WritebackTmp:          0 kB
CommitLimit:     6211736 kB
Committed_AS:   15041384 kB
VmallocTotal:   34359738367 kB
VmallocUsed:      168980 kB
VmallocChunk:   34359471616 kB
HardwareCorrupted:     0 kB
AnonHugePages:    626688 kB
HugePages_Total:       0
HugePages_Free:        0
HugePages_Rsvd:        0
HugePages_Surp:        0
Hugepagesize:       2048 kB
DirectMap4k:       61312 kB
DirectMap2M:     3084288 kB
DirectMap1G:     3145728 kB


CPU:total 4 (initial active 4) (1 cores per cpu, 1 threads per core) family 6 model 69 stepping 1, cmov, cx8, fxsr, mmx, sse, sse2, sse3, ssse3, sse4.1, sse4.2, popcnt, avx, aes, clmul, erms, tsc, tscinvbit

/proc/cpuinfo:
processor	: 0
vendor_id	: GenuineIntel
cpu family	: 6
model		: 69
model name	: Intel(R) Core(TM) i7-4500U CPU @ 1.80GHz
stepping	: 1
microcode	: 0x1d
cpu MHz		: 1795.844
cache size	: 4096 KB
physical id	: 0
siblings	: 1
core id		: 0
cpu cores	: 1
apicid		: 0
initial apicid	: 0
fpu		: yes
fpu_exception	: yes
cpuid level	: 13
wp		: yes
flags		: fpu vme de pse tsc msr pae mce cx8 apic sep mtrr pge mca cmov pat pse36 clflush dts mmx fxsr sse sse2 ss syscall nx pdpe1gb rdtscp lm constant_tsc arch_perfmon pebs bts nopl xtopology tsc_reliable nonstop_tsc aperfmperf eagerfpu pni pclmulqdq ssse3 fma cx16 pcid sse4_1 sse4_2 x2apic movbe popcnt aes xsave avx f16c rdrand hypervisor lahf_lm ida arat epb xsaveopt pln pts dtherm fsgsbase smep
bogomips	: 3591.68
clflush size	: 64
cache_alignment	: 64
address sizes	: 40 bits physical, 48 bits virtual
power management:

processor	: 1
vendor_id	: GenuineIntel
cpu family	: 6
model		: 69
model name	: Intel(R) Core(TM) i7-4500U CPU @ 1.80GHz
stepping	: 1
microcode	: 0x1d
cpu MHz		: 1795.844
cache size	: 4096 KB
physical id	: 2
siblings	: 1
core id		: 0
cpu cores	: 1
apicid		: 2
initial apicid	: 2
fpu		: yes
fpu_exception	: yes
cpuid level	: 13
wp		: yes
flags		: fpu vme de pse tsc msr pae mce cx8 apic sep mtrr pge mca cmov pat pse36 clflush dts mmx fxsr sse sse2 ss syscall nx pdpe1gb rdtscp lm constant_tsc arch_perfmon pebs bts nopl xtopology tsc_reliable nonstop_tsc aperfmperf eagerfpu pni pclmulqdq ssse3 fma cx16 pcid sse4_1 sse4_2 x2apic movbe popcnt aes xsave avx f16c rdrand hypervisor lahf_lm ida arat epb xsaveopt pln pts dtherm fsgsbase smep
bogomips	: 3591.68
clflush size	: 64
cache_alignment	: 64
address sizes	: 40 bits physical, 48 bits virtual
power management:

processor	: 2
vendor_id	: GenuineIntel
cpu family	: 6
model		: 69
model name	: Intel(R) Core(TM) i7-4500U CPU @ 1.80GHz
stepping	: 1
microcode	: 0x1d
cpu MHz		: 1795.844
cache size	: 4096 KB
physical id	: 4
siblings	: 1
core id		: 0
cpu cores	: 1
apicid		: 4
initial apicid	: 4
fpu		: yes
fpu_exception	: yes
cpuid level	: 13
wp		: yes
flags		: fpu vme de pse tsc msr pae mce cx8 apic sep mtrr pge mca cmov pat pse36 clflush dts mmx fxsr sse sse2 ss syscall nx pdpe1gb rdtscp lm constant_tsc arch_perfmon pebs bts nopl xtopology tsc_reliable nonstop_tsc aperfmperf eagerfpu pni pclmulqdq ssse3 fma cx16 pcid sse4_1 sse4_2 x2apic movbe popcnt aes xsave avx f16c rdrand hypervisor lahf_lm ida arat epb xsaveopt pln pts dtherm fsgsbase smep
bogomips	: 3591.68
clflush size	: 64
cache_alignment	: 64
address sizes	: 40 bits physical, 48 bits virtual
power management:

processor	: 3
vendor_id	: GenuineIntel
cpu family	: 6
model		: 69
model name	: Intel(R) Core(TM) i7-4500U CPU @ 1.80GHz
stepping	: 1
microcode	: 0x1d
cpu MHz		: 1795.844
cache size	: 4096 KB
physical id	: 6
siblings	: 1
core id		: 0
cpu cores	: 1
apicid		: 6
initial apicid	: 6
fpu		: yes
fpu_exception	: yes
cpuid level	: 13
wp		: yes
flags		: fpu vme de pse tsc msr pae mce cx8 apic sep mtrr pge mca cmov pat pse36 clflush dts mmx fxsr sse sse2 ss syscall nx pdpe1gb rdtscp lm constant_tsc arch_perfmon pebs bts nopl xtopology tsc_reliable nonstop_tsc aperfmperf eagerfpu pni pclmulqdq ssse3 fma cx16 pcid sse4_1 sse4_2 x2apic movbe popcnt aes xsave avx f16c rdrand hypervisor lahf_lm ida arat epb xsaveopt pln pts dtherm fsgsbase smep
bogomips	: 3591.68
clflush size	: 64
cache_alignment	: 64
address sizes	: 40 bits physical, 48 bits virtual
power management:



Memory: 4k page, physical 4041016k(112372k free), swap 4191228k(4k free)

vm_info: Java HotSpot(TM) 64-Bit Server VM (25.144-b01) for linux-amd64 JRE (1.8.0_144-b01), built on Jul 21 2017 21:57:33 by "java_re" with gcc 4.3.0 20080428 (Red Hat 4.3.0-8)

time: Thu Aug 31 13:38:45 2017
elapsed time: 815 seconds (0d 0h 13m 35s)

